<?xml version="1.0" encoding="UTF-8"?>
<!-- Generated by org.testng.reporters.JUnitReportReporter -->
<testsuite hostname="DESKTOP-0KDP1L5" name="com.clc.reg.B2Test" tests="7" failures="0" timestamp="23 Nov 2018 11:49:16 GMT" time="0.031" errors="0">
  <testcase name="aaaab1" time="0.008" classname="com.clc.reg.B2Test"/>
  <testcase name="sfgfgsab1" time="0.002" classname="com.clc.reg.B2Test"/>
  <testcase name="xsfsab1" time="0.003" classname="com.clc.reg.B2Test"/>
  <testcase name="asasdaf" time="0.003" classname="com.clc.reg.B2Test"/>
  <testcase name="afsddb1" time="0.011" classname="com.clc.reg.B2Test"/>
  <testcase name="ab1" time="0.002" classname="com.clc.reg.B2Test"/>
  <testcase name="qwesaab1" time="0.002" classname="com.clc.reg.B2Test"/>
</testsuite> <!-- com.clc.reg.B2Test -->
