<?xml version="1.0" encoding="UTF-8"?>
<!-- Generated by org.testng.reporters.JUnitReportReporter -->
<testsuite hostname="DESKTOP-0KDP1L5" name="com.clc.reg.B1Test" tests="5" failures="0" timestamp="23 Nov 2018 12:01:28 GMT" time="0.057" errors="0">
  <testcase name="b1" time="0.008" classname="com.clc.reg.B1Test"/>
  <testcase name="b1" time="0.003" classname="com.clc.reg.B1Test"/>
  <testcase name="b1" time="0.031" classname="com.clc.reg.B1Test"/>
  <testcase name="b1" time="0.008" classname="com.clc.reg.B1Test"/>
  <testcase name="b1" time="0.007" classname="com.clc.reg.B1Test"/>
</testsuite> <!-- com.clc.reg.B1Test -->
