<?xml version="1.0" encoding="UTF-8"?>
<!-- Generated by org.testng.reporters.JUnitReportReporter -->
<testsuite hostname="DESKTOP-0KDP1L5" name="com.clc.login.A2Test" tests="2" failures="0" timestamp="23 Nov 2018 12:03:46 GMT" time="0.064" errors="0">
  <testcase name="a1" time="0.006" classname="com.clc.login.A2Test"/>
  <testcase name="a2" time="0.058" classname="com.clc.login.A2Test"/>
</testsuite> <!-- com.clc.login.A2Test -->
