<?xml version="1.0" encoding="UTF-8"?>
<!-- Generated by org.testng.reporters.JUnitReportReporter -->
<testsuite hostname="DESKTOP-0KDP1L5" name="com.clc.login.A1Test" tests="4" failures="0" timestamp="23 Nov 2018 11:49:16 GMT" time="0.015" errors="0">
  <testcase name="m1" time="0.002" classname="com.clc.login.A1Test"/>
  <testcase name="mbcfr" time="0.006" classname="com.clc.login.A1Test"/>
  <testcase name="asjdoo" time="0.004" classname="com.clc.login.A1Test"/>
  <testcase name="amjkfpor" time="0.003" classname="com.clc.login.A1Test"/>
</testsuite> <!-- com.clc.login.A1Test -->
